{
  "RSpec": {
    "coverage": {
      "/home/ilduchea/Epicodus/UCXGaming/spec/models/character_spec.rb": [
        1,
        null,
        1,
        null,
        2,
        2,
        2,
        2,
        null
      ],
      "/home/ilduchea/Epicodus/UCXGaming/spec/rails_helper.rb": [
        null,
        1,
        1,
        1,
        null,
        1,
        1,
        null,
        null,
        null,
        null,
        null,
        null,
        null,
        null,
        null,
        null,
        null,
        null,
        null,
        null,
        null,
        null,
        null,
        1,
        1,
        null,
        1,
        1,
        null,
        null,
        null,
        null,
        null,
        null,
        null,
        null,
        null,
        null,
        null,
        null,
        null,
        1,
        null,
        null,
        1,
        null,
        null,
        null
      ],
      "/home/ilduchea/Epicodus/UCXGaming/config/environment.rb": [
        null,
        1,
        null,
        null,
        1
      ],
      "/home/ilduchea/Epicodus/UCXGaming/config/application.rb": [
        1,
        null,
        1,
        null,
        1,
        1,
        null,
        1,
        1,
        1,
        1,
        1,
        null,
        null,
        null,
        null,
        1,
        null,
        1,
        1,
        null,
        1,
        null,
        null,
        null,
        null,
        null,
        null,
        1,
        null,
        null
      ],
      "/home/ilduchea/Epicodus/UCXGaming/config/boot.rb": [
        1,
        null,
        1
      ],
      "/home/ilduchea/Epicodus/UCXGaming/config/spring.rb": [
        null,
        null,
        null,
        null,
        null,
        5
      ],
      "/home/ilduchea/Epicodus/UCXGaming/config/environments/test.rb": [
        1,
        null,
        null,
        null,
        null,
        null,
        null,
        1,
        null,
        null,
        null,
        null,
        1,
        null,
        null,
        1,
        1,
        null,
        null,
        null,
        null,
        1,
        1,
        null,
        null,
        1,
        null,
        null,
        1,
        1,
        null,
        null,
        null,
        null,
        1,
        null,
        null,
        1,
        null,
        null,
        null,
        null
      ],
      "/home/ilduchea/Epicodus/UCXGaming/config/initializers/application_controller_renderer.rb": [
        null,
        null,
        null,
        null,
        null,
        null
      ],
      "/home/ilduchea/Epicodus/UCXGaming/config/initializers/assets.rb": [
        null,
        null,
        null,
        1,
        null,
        null,
        null,
        null,
        1,
        null,
        null,
        null,
        null,
        null
      ],
      "/home/ilduchea/Epicodus/UCXGaming/config/initializers/backtrace_silencers.rb": [
        null,
        null,
        null,
        null,
        null,
        null,
        null
      ],
      "/home/ilduchea/Epicodus/UCXGaming/config/initializers/cookies_serializer.rb": [
        null,
        null,
        null,
        null,
        1
      ],
      "/home/ilduchea/Epicodus/UCXGaming/config/initializers/filter_parameter_logging.rb": [
        null,
        null,
        null,
        1
      ],
      "/home/ilduchea/Epicodus/UCXGaming/config/initializers/inflections.rb": [
        null,
        null,
        null,
        null,
        null,
        null,
        null,
        null,
        null,
        null,
        null,
        null,
        null,
        null,
        null,
        null
      ],
      "/home/ilduchea/Epicodus/UCXGaming/config/initializers/mime_types.rb": [
        null,
        null,
        null,
        null
      ],
      "/home/ilduchea/Epicodus/UCXGaming/config/initializers/wrap_parameters.rb": [
        null,
        null,
        null,
        null,
        null,
        null,
        1,
        2,
        null
      ],
      "/home/ilduchea/Epicodus/UCXGaming/spec/factories/characters.rb": [
        1,
        1,
        null,
        null,
        null
      ],
      "/home/ilduchea/Epicodus/UCXGaming/spec/factories/game_systems.rb": [
        1,
        1,
        1,
        1,
        1,
        null,
        null
      ],
      "/home/ilduchea/Epicodus/UCXGaming/spec/factories/sections.rb": [
        1,
        1,
        1,
        null,
        null
      ],
      "/home/ilduchea/Epicodus/UCXGaming/spec/factories/traits.rb": [
        1,
        1,
        1,
        1,
        null,
        null
      ],
      "/home/ilduchea/Epicodus/UCXGaming/config/routes.rb": [
        1,
        null,
        1,
        1,
        null,
        null,
        1,
        1,
        null,
        null
      ],
      "/home/ilduchea/Epicodus/UCXGaming/app/helpers/application_helper.rb": [
        1,
        null
      ],
      "/home/ilduchea/Epicodus/UCXGaming/app/models/character.rb": [
        1,
        1,
        1,
        null,
        1,
        null,
        1,
        null,
        1,
        null,
        1,
        1,
        null,
        1,
        0,
        0,
        0,
        0,
        null,
        0,
        null,
        null,
        null,
        1,
        0,
        0,
        0,
        0,
        0,
        0,
        0,
        0,
        0,
        0,
        null,
        0,
        null,
        null,
        0,
        null,
        null
      ],
      "/home/ilduchea/Epicodus/UCXGaming/spec/models/game_system_spec.rb": [
        1,
        null,
        1,
        2,
        2,
        2,
        2,
        2,
        null
      ],
      "/home/ilduchea/Epicodus/UCXGaming/app/models/game_system.rb": [
        1,
        1,
        1,
        null,
        1,
        1,
        null,
        1,
        null,
        1,
        1,
        1,
        null,
        null
      ],
      "/home/ilduchea/Epicodus/UCXGaming/spec/models/section_spec.rb": [
        1,
        null,
        1,
        2,
        2,
        2,
        2,
        2,
        2,
        2,
        null,
        null
      ],
      "/home/ilduchea/Epicodus/UCXGaming/app/models/section.rb": [
        1,
        1,
        null,
        1,
        1,
        1,
        null,
        1,
        null,
        1,
        1,
        null
      ],
      "/home/ilduchea/Epicodus/UCXGaming/spec/models/trait_spec.rb": [
        1,
        null,
        1,
        null,
        2,
        2,
        2,
        2,
        null
      ],
      "/home/ilduchea/Epicodus/UCXGaming/app/models/trait.rb": [
        1,
        1,
        null,
        1,
        null,
        1,
        null,
        1,
        1,
        null
      ],
      "/home/ilduchea/Epicodus/UCXGaming/spec/requests/post_game_systems_spec.rb": [
        1,
        null,
        1,
        null,
        1,
        null,
        null,
        null,
        null,
        null,
        null,
        5,
        null,
        5,
        null,
        null,
        null,
        null,
        null,
        null,
        null,
        1,
        1,
        null,
        null,
        1,
        1,
        null,
        null,
        1,
        1,
        null,
        null,
        1,
        1,
        null,
        null,
        1,
        1,
        null,
        null,
        null,
        null,
        1,
        null,
        null
      ],
      "/home/ilduchea/Epicodus/UCXGaming/app/controllers/game_systems_controller.rb": [
        1,
        null,
        1,
        0,
        0,
        null,
        null,
        1,
        0,
        0,
        null,
        null,
        1,
        6,
        5,
        null,
        null,
        1,
        0,
        0,
        0,
        null,
        null,
        null,
        null,
        null,
        1,
        0,
        0,
        0,
        null,
        null,
        null,
        null,
        null,
        1,
        1,
        6,
        null,
        null
      ],
      "/home/ilduchea/Epicodus/UCXGaming/app/controllers/application_controller.rb": [
        1,
        1,
        null,
        1,
        1,
        null,
        null,
        null,
        null,
        null,
        null
      ],
      "/home/ilduchea/Epicodus/UCXGaming/app/controllers/concerns/response.rb": [
        1,
        1,
        6,
        null,
        null
      ]
    },
    "timestamp": 1502322964
  }
}
